#
# A fatal error has been detected by the Java Runtime Environment:
#
#  EXCEPTION_ACCESS_VIOLATION (0xc0000005) at pc=0x00007ff883185224, pid=6688, tid=14148
#
# JRE version: OpenJDK Runtime Environment (21.0.5) (build 21.0.5+-13047016-b750.29)
# Java VM: OpenJDK 64-Bit Server VM (21.0.5+-13047016-b750.29, mixed mode, tiered, compressed oops, compressed class ptrs, g1 gc, windows-amd64)
# Problematic frame:
# V  [jvm.dll+0x3b5224]
#
# No core dump will be written. Minidumps are not enabled by default on client versions of Windows
#
# If you would like to submit a bug report, please visit:
#   https://youtrack.jetbrains.com/issues/JBR
#

---------------  S U M M A R Y ------------

Command Line: --add-opens=java.base/java.lang=ALL-UNNAMED --add-opens=java.base/java.lang.invoke=ALL-UNNAMED --add-opens=java.base/java.util=ALL-UNNAMED --add-opens=java.prefs/java.util.prefs=ALL-UNNAMED --add-exports=jdk.compiler/com.sun.tools.javac.api=ALL-UNNAMED --add-exports=jdk.compiler/com.sun.tools.javac.util=ALL-UNNAMED --add-opens=java.base/java.util=ALL-UNNAMED --add-opens=java.prefs/java.util.prefs=ALL-UNNAMED --add-opens=java.base/java.nio.charset=ALL-UNNAMED --add-opens=java.base/java.net=ALL-UNNAMED --add-opens=java.base/java.util.concurrent.atomic=ALL-UNNAMED --add-opens=java.xml/javax.xml.namespace=ALL-UNNAMED -Xmx2048m -Dfile.encoding=UTF-8 -Duser.country=US -Duser.language=en -Duser.variant -javaagent:C:\Users\hp\.gradle\wrapper\dists\gradle-8.11.1-bin\bpt9gzteqjrbo1mjrsomdt32c\gradle-8.11.1\lib\agents\gradle-instrumentation-agent-8.11.1.jar org.gradle.launcher.daemon.bootstrap.GradleDaemon 8.11.1

Host: 13th Gen Intel(R) Core(TM) i7-1355U, 12 cores, 31G,  Windows 11 , 64 bit Build 26100 (10.0.26100.3912)
Time: Sun May 11 22:34:40 2025 E. Africa Standard Time elapsed time: 3.454697 seconds (0d 0h 0m 3s)

---------------  T H R E A D  ---------------

Current thread (0x000001aca729f270):  JavaThread "C2 CompilerThread1" daemon [_thread_in_native, id=14148, stack(0x000000508ac00000,0x000000508ad00000) (1024K)]


Current CompileTask:
C2:3454 4257       4       java.util.regex.Pattern::split (325 bytes)

Stack: [0x000000508ac00000,0x000000508ad00000],  sp=0x000000508acfcce0,  free space=1011k
Native frames: (J=compiled Java code, j=interpreted, Vv=VM code, C=native code)
V  [jvm.dll+0x3b5224]
V  [jvm.dll+0x1de518]
V  [jvm.dll+0x247db4]
V  [jvm.dll+0x247231]
V  [jvm.dll+0x1c5ee4]
V  [jvm.dll+0x25697c]
V  [jvm.dll+0x254ec6]
V  [jvm.dll+0x3f0ce6]
V  [jvm.dll+0x806368]
V  [jvm.dll+0x6ce3fd]
C  [ucrtbase.dll+0x37b0]
C  [KERNEL32.DLL+0x2e8d7]
C  [ntdll.dll+0x9c5dc]


siginfo: EXCEPTION_ACCESS_VIOLATION (0xc0000005), reading address 0xffffffffffffffff


Registers:
RAX=0x000001acab76fdd0, RBX=0x000000508acfd340, RCX=0x004001aca7fe4fc0, RDX=0x0000000000000000
RSP=0x000000508acfcce0, RBP=0x000000508acfcde0, RSI=0x0000000000000000, RDI=0x0000000000000001
R8 =0x000001acaba83fa0, R9 =0x0000000000000000, R10=0x0000000000000000, R11=0x000001acaba83f80
R12=0x000001acab4d7dc8, R13=0x000001acaad5a130, R14=0x000000000000000b, R15=0x00000000000f423f
RIP=0x00007ff883185224, EFLAGS=0x0000000000010297


Register to memory mapping:

RAX=0x000001acab76fdd0 points into unknown readable memory: 0x0000000000000000 | 00 00 00 00 00 00 00 00
RBX=0x000000508acfd340 is pointing into the stack for thread: 0x000001aca729f270
RCX=0x004001aca7fe4fc0 is an unknown value
RDX=0x0 is null
RSP=0x000000508acfcce0 is pointing into the stack for thread: 0x000001aca729f270
RBP=0x000000508acfcde0 is pointing into the stack for thread: 0x000001aca729f270
RSI=0x0 is null
RDI=0x0000000000000001 is an unknown value
R8 =0x000001acaba83fa0 points into unknown readable memory: 0x000000000000040c | 0c 04 00 00 00 00 00 00
R9 =0x0 is null
R10=0x0 is null
R11=0x000001acaba83f80 points into unknown readable memory: 0x0000000008000000 | 00 00 00 08 00 00 00 00
R12=0x000001acab4d7dc8 points into unknown readable memory: 0x00007ff8836ff680 | 80 f6 6f 83 f8 7f 00 00
R13=0x000001acaad5a130 points into unknown readable memory: 0x00007ff883785168 | 68 51 78 83 f8 7f 00 00
R14=0x000000000000000b is an unknown value
R15=0x00000000000f423f is an unknown value

Top of Stack: (sp=0x000000508acfcce0)
0x000000508acfcce0:   000000000000000a 000000000000000a
0x000000508acfccf0:   0000000000000002 00007ff8eb45fb21
0x000000508acfcd00:   000000508acfcd20 00007ff800000006
0x000000508acfcd10:   00000003ffffffff 000001ac0000000a
0x000000508acfcd20:   0000000a00000000 0000000e00000000
0x000000508acfcd30:   0000000000000000 0000000a00000001
0x000000508acfcd40:   0000000d00000003 00007ff800000000
0x000000508acfcd50:   000001ac00000009 000001acab4d7dc8
0x000000508acfcd60:   00000041000001f9 0000000000000001
0x000000508acfcd70:   0000000000000000 0000000300000495
0x000000508acfcd80:   0000000500000005 000001acaba83f80
0x000000508acfcd90:   000000508acfcdc0 000000508acfcdb0
0x000000508acfcda0:   000001acab4d7e34 000001acab4d7e3c
0x000000508acfcdb0:   0000000500000005 000000508acfcdc0
0x000000508acfcdc0:   000001acaba83fa0 00007ff8839650a0
0x000000508acfcdd0:   00007ff8839650a0 00007ff8839650a0
0x000000508acfcde0:   000001acaba83f80 00007ff8839650a0
0x000000508acfcdf0:   00007ff8839650a0 000000508acfce99
0x000000508acfce00:   0000000000000000 000000508acfce99
0x000000508acfce10:   000000508acfce88 00007ff8835e9a90
0x000000508acfce20:   000001aca72a1760 00000000000001c8
0x000000508acfce30:   000001ac00000008 000001aca71debc0
0x000000508acfce40:   000001ac00000007 000001ac00000000
0x000000508acfce50:   000001aca2420000 0000000000000000
0x000000508acfce60:   000001aca71debc0 000001acab76fd00
0x000000508acfce70:   00000000000be0c8 00007ff8837489e8
0x000000508acfce80:   0000000000000000 0000000000000000
0x000000508acfce90:   0000000000000000 00007ff8837489e8
0x000000508acfcea0:   000001aca71deb00 0000000000000000
0x000000508acfceb0:   0000000000000000 0000000000000000
0x000000508acfcec0:   000001acaa69df00 00000000000003d8
0x000000508acfced0:   000001acaa69df10 0000000000000000 

Instructions: (pc=0x00007ff883185224)
0x00007ff883185124:   01 00 00 8b 86 a8 00 00 00 c1 e8 07 a8 01 74 52
0x00007ff883185134:   49 8b cd e8 84 93 2f 00 84 c0 75 46 44 8b 8e 94
0x00007ff883185144:   00 00 00 45 33 c0 8b 8e 90 00 00 00 41 3b c9 77
0x00007ff883185154:   31 66 66 66 0f 1f 84 00 00 00 00 00 8b c1 ff c1
0x00007ff883185164:   4c 0b 44 c6 38 41 3b c9 76 f2 4d 85 c0 74 13 4c
0x00007ff883185174:   8d 4d 84 48 8b d6 4c 8d 45 d0 48 8b cb e8 0a 14
0x00007ff883185184:   00 00 4c 8d 45 d0 41 8b d4 48 8b cb e8 0b 0f 00
0x00007ff883185194:   00 8b 54 24 30 4c 8b 64 24 78 ff ca 89 54 24 30
0x00007ff8831851a4:   85 d2 7f 05 0f 57 f6 eb 0f 66 0f 6e f2 f3 0f e6
0x00007ff8831851b4:   f6 f2 41 0f 59 74 24 08 41 8b 45 2c 83 e0 0f 3c
0x00007ff8831851c4:   0c 0f 84 3d 02 00 00 49 8b 45 00 49 8b cd ff 90
0x00007ff8831851d4:   90 00 00 00 48 85 c0 74 0d 48 8b c8 e8 fb 7b e1
0x00007ff8831851e4:   ff 44 8b f8 eb 06 41 bf 3f 42 0f 00 49 8b 45 00
0x00007ff8831851f4:   49 8b cd ff 10 45 33 d2 3d 36 01 00 00 45 8b f2
0x00007ff883185204:   41 0f 95 c6 45 3b 75 18 0f 83 f2 01 00 00 49 8b
0x00007ff883185214:   45 08 41 8b ce 48 8b 0c c8 48 8b 83 08 01 00 00
0x00007ff883185224:   48 63 51 28 8b 34 90 85 f6 0f 84 be 01 00 00 48
0x00007ff883185234:   8b 85 20 01 00 00 8b de 48 69 fe b0 00 00 00 48
0x00007ff883185244:   8b 40 70 48 03 78 20 45 3b f7 73 1c e8 6b 92 2f
0x00007ff883185254:   00 f2 41 0f 10 4c 24 08 84 c0 75 04 f2 0f 58 c9
0x00007ff883185264:   f2 0f 58 0f f2 0f 11 0f 48 8b 45 d8 48 8b cb 48
0x00007ff883185274:   c1 e9 08 4c 8b 04 c8 48 8d 05 1e fe 7d 00 4c 3b
0x00007ff883185284:   c0 75 0e 8b d6 48 8d 4d d0 e8 2e 5f 00 00 4c 8b
0x00007ff883185294:   c0 0f b6 cb ba 01 00 00 00 48 c1 eb 06 80 e1 3f
0x00007ff8831852a4:   83 e3 03 48 d3 e2 49 8b 0c d8 48 8b c1 48 0b c2
0x00007ff8831852b4:   49 89 04 d8 48 85 ca 0f 85 29 01 00 00 ff 45 d0
0x00007ff8831852c4:   48 8d 4f 38 0f 28 c6 f2 0f 58 47 08 f2 0f 11 47
0x00007ff8831852d4:   08 e8 96 7f 36 00 84 c0 0f 84 08 01 00 00 83 bf
0x00007ff8831852e4:   98 00 00 00 00 0f 84 fb 00 00 00 f6 87 a8 00 00
0x00007ff8831852f4:   00 06 74 2b 8b 4c 24 40 0f b7 87 a4 00 00 00 48
0x00007ff883185304:   8b 9d 20 01 00 00 03 c8 89 4c 24 40 3b 4c 24 48
0x00007ff883185314:   0f 86 d7 00 00 00 89 4c 24 48 e9 ce 00 00 00 4c 


Stack slot to memory mapping:

stack at sp + 0 slots: 0x000000000000000a is an unknown value
stack at sp + 1 slots: 0x000000000000000a is an unknown value
stack at sp + 2 slots: 0x0000000000000002 is an unknown value
stack at sp + 3 slots: 0x00007ff8eb45fb21 KERNELBASE.dll
stack at sp + 4 slots: 0x000000508acfcd20 is pointing into the stack for thread: 0x000001aca729f270
stack at sp + 5 slots: 0x00007ff800000006 is an unknown value
stack at sp + 6 slots: 0x00000003ffffffff is an unknown value
stack at sp + 7 slots: 0x000001ac0000000a is an unknown value


---------------  P R O C E S S  ---------------

Threads class SMR info:
_java_thread_list=0x000001acaacbed00, length=35, elements={
0x000001ac8a6dc160, 0x000001aca23f6750, 0x000001aca23f71a0, 0x000001aca243c2c0,
0x000001aca2421d80, 0x000001aca24247f0, 0x000001aca2424e50, 0x000001aca2427cd0,
0x000001aca2428370, 0x000001aca24b6380, 0x000001aca70e3580, 0x000001aca729f270,
0x000001aca89e3a90, 0x000001aca8b6f870, 0x000001aca8bdab60, 0x000001aca8c06f80,
0x000001aca8c04030, 0x000001aca8db1b60, 0x000001aca8c01820, 0x000001aca8ddf320,
0x000001aca8df9cc0, 0x000001aca8dfb700, 0x000001aca8df8910, 0x000001aca8df8280,
0x000001aca8df8fa0, 0x000001aca8dfb070, 0x000001aca9f34420, 0x000001aca8dfa350,
0x000001aca8df9630, 0x000001aca8dfa9e0, 0x000001aca9714cc0, 0x000001aca9714630,
0x000001aca9711840, 0x000001aca9713910, 0x000001aca9711ed0
}

Java Threads: ( => current thread )
  0x000001ac8a6dc160 JavaThread "main"                              [_thread_blocked, id=7992, stack(0x0000005089a00000,0x0000005089b00000) (1024K)]
  0x000001aca23f6750 JavaThread "Reference Handler"          daemon [_thread_blocked, id=10340, stack(0x000000508a200000,0x000000508a300000) (1024K)]
  0x000001aca23f71a0 JavaThread "Finalizer"                  daemon [_thread_blocked, id=10436, stack(0x000000508a300000,0x000000508a400000) (1024K)]
  0x000001aca243c2c0 JavaThread "Signal Dispatcher"          daemon [_thread_blocked, id=9916, stack(0x000000508a400000,0x000000508a500000) (1024K)]
  0x000001aca2421d80 JavaThread "Attach Listener"            daemon [_thread_blocked, id=10344, stack(0x000000508a500000,0x000000508a600000) (1024K)]
  0x000001aca24247f0 JavaThread "Service Thread"             daemon [_thread_blocked, id=9788, stack(0x000000508a600000,0x000000508a700000) (1024K)]
  0x000001aca2424e50 JavaThread "Monitor Deflation Thread"   daemon [_thread_blocked, id=3208, stack(0x000000508a700000,0x000000508a800000) (1024K)]
  0x000001aca2427cd0 JavaThread "C2 CompilerThread0"         daemon [_thread_in_native, id=12800, stack(0x000000508a800000,0x000000508a900000) (1024K)]
  0x000001aca2428370 JavaThread "C1 CompilerThread0"         daemon [_thread_blocked, id=9920, stack(0x000000508a900000,0x000000508aa00000) (1024K)]
  0x000001aca24b6380 JavaThread "Common-Cleaner"             daemon [_thread_blocked, id=7672, stack(0x000000508aa00000,0x000000508ab00000) (1024K)]
  0x000001aca70e3580 JavaThread "Notification Thread"        daemon [_thread_blocked, id=14136, stack(0x000000508ab00000,0x000000508ac00000) (1024K)]
=>0x000001aca729f270 JavaThread "C2 CompilerThread1"         daemon [_thread_in_native, id=14148, stack(0x000000508ac00000,0x000000508ad00000) (1024K)]
  0x000001aca89e3a90 JavaThread "Daemon health stats"               [_thread_blocked, id=9424, stack(0x000000508ad00000,0x000000508ae00000) (1024K)]
  0x000001aca8b6f870 JavaThread "Incoming local TCP Connector on port 49797"        [_thread_in_native, id=9792, stack(0x000000508b700000,0x000000508b800000) (1024K)]
  0x000001aca8bdab60 JavaThread "Daemon periodic checks"            [_thread_blocked, id=9608, stack(0x000000508b800000,0x000000508b900000) (1024K)]
  0x000001aca8c06f80 JavaThread "Daemon"                            [_thread_blocked, id=9048, stack(0x000000508b900000,0x000000508ba00000) (1024K)]
  0x000001aca8c04030 JavaThread "Handler for socket connection from /127.0.0.1:49797 to /127.0.0.1:49798"        [_thread_in_native, id=9044, stack(0x000000508ba00000,0x000000508bb00000) (1024K)]
  0x000001aca8db1b60 JavaThread "Cancel handler"                    [_thread_blocked, id=2312, stack(0x000000508bb00000,0x000000508bc00000) (1024K)]
  0x000001aca8c01820 JavaThread "Daemon worker"                     [_thread_in_native, id=2612, stack(0x000000508bc00000,0x000000508bd00000) (1024K)]
  0x000001aca8ddf320 JavaThread "Asynchronous log dispatcher for DefaultDaemonConnection: socket connection from /127.0.0.1:49797 to /127.0.0.1:49798"        [_thread_blocked, id=3016, stack(0x000000508bd00000,0x000000508be00000) (1024K)]
  0x000001aca8df9cc0 JavaThread "Stdin handler"                     [_thread_blocked, id=3100, stack(0x000000508be00000,0x000000508bf00000) (1024K)]
  0x000001aca8dfb700 JavaThread "Daemon client event forwarder"        [_thread_blocked, id=3204, stack(0x000000508bf00000,0x000000508c000000) (1024K)]
  0x000001aca8df8910 JavaThread "Daemon Thread 2"                   [_thread_blocked, id=3120, stack(0x000000508c000000,0x000000508c100000) (1024K)]
  0x000001aca8df8280 JavaThread "Cache worker for journal cache (C:\Users\hp\.gradle\caches\journal-1)"        [_thread_blocked, id=3452, stack(0x000000508c300000,0x000000508c400000) (1024K)]
  0x000001aca8df8fa0 JavaThread "File lock request listener"        [_thread_in_native, id=4612, stack(0x000000508c400000,0x000000508c500000) (1024K)]
  0x000001aca8dfb070 JavaThread "Cache worker for file hash cache (C:\Users\hp\.gradle\caches\8.11.1\fileHashes)"        [_thread_blocked, id=13524, stack(0x000000508c500000,0x000000508c600000) (1024K)]
  0x000001aca9f34420 JavaThread "C2 CompilerThread2"         daemon [_thread_in_native, id=7544, stack(0x000000508c600000,0x000000508c700000) (1024K)]
  0x000001aca8dfa350 JavaThread "Cache worker for file content cache (C:\Users\hp\.gradle\caches\8.11.1\fileContent)"        [_thread_blocked, id=12692, stack(0x000000508c700000,0x000000508c800000) (1024K)]
  0x000001aca8df9630 JavaThread "Cache worker for file hash cache (C:\Users\hp\AndroidStudioProjects\jetpack-compose-assignment-1-main\.gradle\8.11.1\fileHashes)"        [_thread_blocked, id=13948, stack(0x000000508c800000,0x000000508c900000) (1024K)]
  0x000001aca8dfa9e0 JavaThread "Cache worker for Build Output Cleanup Cache (C:\Users\hp\AndroidStudioProjects\jetpack-compose-assignment-1-main\.gradle\buildOutputCleanup)"        [_thread_blocked, id=1712, stack(0x000000508c900000,0x000000508ca00000) (1024K)]
  0x000001aca9714cc0 JavaThread "File watcher server"        daemon [_thread_in_native, id=14004, stack(0x000000508ca00000,0x000000508cb00000) (1024K)]
  0x000001aca9714630 JavaThread "File watcher consumer"      daemon [_thread_blocked, id=11164, stack(0x000000508cb00000,0x000000508cc00000) (1024K)]
  0x000001aca9711840 JavaThread "Cache worker for checksums cache (C:\Users\hp\AndroidStudioProjects\jetpack-compose-assignment-1-main\.gradle\8.11.1\checksums)"        [_thread_blocked, id=14212, stack(0x000000508cc00000,0x000000508cd00000) (1024K)]
  0x000001aca9713910 JavaThread "Cache worker for cache directory md-rule (C:\Users\hp\.gradle\caches\8.11.1\md-rule)"        [_thread_blocked, id=8228, stack(0x000000508cd00000,0x000000508ce00000) (1024K)]
  0x000001aca9711ed0 JavaThread "Cache worker for cache directory md-supplier (C:\Users\hp\.gradle\caches\8.11.1\md-supplier)"        [_thread_blocked, id=9276, stack(0x000000508ce00000,0x000000508cf00000) (1024K)]
Total: 35

Other Threads:
  0x000001aca23c8cb0 VMThread "VM Thread"                           [id=13928, stack(0x000000508a100000,0x000000508a200000) (1024K)]
  0x000001aca22159d0 WatcherThread "VM Periodic Task Thread"        [id=8592, stack(0x000000508a000000,0x000000508a100000) (1024K)]
  0x000001ac8a734b30 WorkerThread "GC Thread#0"                     [id=6152, stack(0x0000005089b00000,0x0000005089c00000) (1024K)]
  0x000001aca77fe750 WorkerThread "GC Thread#1"                     [id=14052, stack(0x000000508ae00000,0x000000508af00000) (1024K)]
  0x000001aca77feaf0 WorkerThread "GC Thread#2"                     [id=14112, stack(0x000000508af00000,0x000000508b000000) (1024K)]
  0x000001aca7675990 WorkerThread "GC Thread#3"                     [id=14100, stack(0x000000508b000000,0x000000508b100000) (1024K)]
  0x000001aca7675d30 WorkerThread "GC Thread#4"                     [id=14096, stack(0x000000508b100000,0x000000508b200000) (1024K)]
  0x000001aca76760d0 WorkerThread "GC Thread#5"                     [id=9776, stack(0x000000508b200000,0x000000508b300000) (1024K)]
  0x000001aca7676470 WorkerThread "GC Thread#6"                     [id=14120, stack(0x000000508b300000,0x000000508b400000) (1024K)]
  0x000001aca7a29390 WorkerThread "GC Thread#7"                     [id=14128, stack(0x000000508b400000,0x000000508b500000) (1024K)]
  0x000001aca7a29730 WorkerThread "GC Thread#8"                     [id=9448, stack(0x000000508b500000,0x000000508b600000) (1024K)]
  0x000001aca768de40 WorkerThread "GC Thread#9"                     [id=5568, stack(0x000000508b600000,0x000000508b700000) (1024K)]
  0x000001ac8a784010 ConcurrentGCThread "G1 Main Marker"            [id=8196, stack(0x0000005089c00000,0x0000005089d00000) (1024K)]
  0x000001ac8a784a20 WorkerThread "G1 Conc#0"                       [id=8380, stack(0x0000005089d00000,0x0000005089e00000) (1024K)]
  0x000001aca8b35460 WorkerThread "G1 Conc#1"                       [id=3104, stack(0x000000508c100000,0x000000508c200000) (1024K)]
  0x000001aca8b350c0 WorkerThread "G1 Conc#2"                       [id=3132, stack(0x000000508c200000,0x000000508c300000) (1024K)]
  0x000001aca2209460 ConcurrentGCThread "G1 Refine#0"               [id=8392, stack(0x0000005089e00000,0x0000005089f00000) (1024K)]
  0x000001aca2209c80 ConcurrentGCThread "G1 Service"                [id=8388, stack(0x0000005089f00000,0x000000508a000000) (1024K)]
Total: 18

Threads with active compile tasks:
C2 CompilerThread0  3505 4318   !   4       java.net.URLClassLoader$1::run (81 bytes)
C2 CompilerThread1  3505 4257       4       java.util.regex.Pattern::split (325 bytes)
C2 CompilerThread2  3505 4317       4       java.net.URLClassLoader$1::run (5 bytes)
Total: 3

VM state: not at safepoint (normal execution)

VM Mutex/Monitor currently owned by a thread: None

Heap address: 0x0000000080000000, size: 2048 MB, Compressed Oops mode: 32-bit

CDS archive(s) not mapped
Compressed class space mapped at: 0x0000000100000000-0x0000000140000000, reserved size: 1073741824
Narrow klass base: 0x0000000000000000, Narrow klass shift: 3, Narrow klass range: 0x140000000

GC Precious Log:
 CardTable entry size: 512
 Card Set container configuration: InlinePtr #cards 5 size 8 Array Of Cards #cards 12 size 40 Howl #buckets 4 coarsen threshold 1843 Howl Bitmap #cards 512 size 80 coarsen threshold 460 Card regions per heap region 1 cards per card region 2048
 CPUs: 12 total, 12 available
 Memory: 32461M
 Large Page Support: Disabled
 NUMA Support: Disabled
 Compressed Oops: Enabled (32-bit)
 Heap Region Size: 1M
 Heap Min Capacity: 8M
 Heap Initial Capacity: 508M
 Heap Max Capacity: 2G
 Pre-touch: Disabled
 Parallel Workers: 10
 Concurrent Workers: 3
 Concurrent Refinement Workers: 10
 Periodic GC: Disabled

Heap:
 garbage-first heap   total 84992K, used 66920K [0x0000000080000000, 0x0000000100000000)
  region size 1024K, 45 young (46080K), 6 survivors (6144K)
 Metaspace       used 46870K, committed 48128K, reserved 1114112K
  class space    used 6238K, committed 6848K, reserved 1048576K

Heap Regions: E=young(eden), S=young(survivor), O=old, HS=humongous(starts), HC=humongous(continues), CS=collection set, F=free, TAMS=top-at-mark-start, PB=parsable bottom
|   0|0x0000000080000000, 0x0000000080100000, 0x0000000080100000|100%| O|Cm|TAMS 0x0000000080000000| PB 0x0000000080000000| Complete 
|   1|0x0000000080100000, 0x0000000080200000, 0x0000000080200000|100%|HS|  |TAMS 0x0000000080100000| PB 0x0000000080100000| Complete 
|   2|0x0000000080200000, 0x0000000080300000, 0x0000000080300000|100%|HC|  |TAMS 0x0000000080200000| PB 0x0000000080200000| Complete 
|   3|0x0000000080300000, 0x0000000080400000, 0x0000000080400000|100%|HC|  |TAMS 0x0000000080300000| PB 0x0000000080300000| Complete 
|   4|0x0000000080400000, 0x0000000080500000, 0x0000000080500000|100%| O|  |TAMS 0x0000000080400000| PB 0x0000000080400000| Untracked 
|   5|0x0000000080500000, 0x0000000080600000, 0x0000000080600000|100%| O|  |TAMS 0x0000000080500000| PB 0x0000000080500000| Untracked 
|   6|0x0000000080600000, 0x0000000080700000, 0x0000000080700000|100%| O|  |TAMS 0x0000000080600000| PB 0x0000000080600000| Untracked 
|   7|0x0000000080700000, 0x0000000080800000, 0x0000000080800000|100%| O|  |TAMS 0x0000000080700000| PB 0x0000000080700000| Untracked 
|   8|0x0000000080800000, 0x0000000080900000, 0x0000000080900000|100%|HS|  |TAMS 0x0000000080800000| PB 0x0000000080800000| Complete 
|   9|0x0000000080900000, 0x0000000080a00000, 0x0000000080a00000|100%| O|  |TAMS 0x0000000080900000| PB 0x0000000080900000| Untracked 
|  10|0x0000000080a00000, 0x0000000080b00000, 0x0000000080b00000|100%| O|  |TAMS 0x0000000080a00000| PB 0x0000000080a00000| Untracked 
|  11|0x0000000080b00000, 0x0000000080c00000, 0x0000000080c00000|100%| O|  |TAMS 0x0000000080b00000| PB 0x0000000080b00000| Untracked 
|  12|0x0000000080c00000, 0x0000000080d00000, 0x0000000080d00000|100%| O|  |TAMS 0x0000000080c00000| PB 0x0000000080c00000| Untracked 
|  13|0x0000000080d00000, 0x0000000080e00000, 0x0000000080e00000|100%| O|  |TAMS 0x0000000080d00000| PB 0x0000000080d00000| Untracked 
|  14|0x0000000080e00000, 0x0000000080f00000, 0x0000000080f00000|100%| O|  |TAMS 0x0000000080e00000| PB 0x0000000080e00000| Untracked 
|  15|0x0000000080f00000, 0x0000000081000000, 0x0000000081000000|100%| O|  |TAMS 0x0000000080f00000| PB 0x0000000080f00000| Untracked 
|  16|0x0000000081000000, 0x0000000081100000, 0x0000000081100000|100%| O|  |TAMS 0x0000000081000000| PB 0x0000000081000000| Untracked 
|  17|0x0000000081100000, 0x0000000081200000, 0x0000000081200000|100%| O|  |TAMS 0x0000000081100000| PB 0x0000000081100000| Untracked 
|  18|0x0000000081200000, 0x0000000081300000, 0x0000000081300000|100%| O|  |TAMS 0x0000000081200000| PB 0x0000000081200000| Untracked 
|  19|0x0000000081300000, 0x0000000081400000, 0x0000000081400000|100%| O|  |TAMS 0x0000000081300000| PB 0x0000000081300000| Untracked 
|  20|0x0000000081400000, 0x0000000081500000, 0x0000000081500000|100%| O|  |TAMS 0x0000000081400000| PB 0x0000000081400000| Untracked 
|  21|0x0000000081500000, 0x0000000081600000, 0x0000000081600000|100%| O|  |TAMS 0x0000000081500000| PB 0x0000000081500000| Untracked 
|  22|0x0000000081600000, 0x00000000816790d0, 0x0000000081700000| 47%| O|  |TAMS 0x0000000081600000| PB 0x0000000081600000| Untracked 
|  23|0x0000000081700000, 0x0000000081700000, 0x0000000081800000|  0%| F|  |TAMS 0x0000000081700000| PB 0x0000000081700000| Untracked 
|  24|0x0000000081800000, 0x0000000081800000, 0x0000000081900000|  0%| F|  |TAMS 0x0000000081800000| PB 0x0000000081800000| Untracked 
|  25|0x0000000081900000, 0x0000000081900000, 0x0000000081a00000|  0%| F|  |TAMS 0x0000000081900000| PB 0x0000000081900000| Untracked 
|  26|0x0000000081a00000, 0x0000000081a00000, 0x0000000081b00000|  0%| F|  |TAMS 0x0000000081a00000| PB 0x0000000081a00000| Untracked 
|  27|0x0000000081b00000, 0x0000000081b00000, 0x0000000081c00000|  0%| F|  |TAMS 0x0000000081b00000| PB 0x0000000081b00000| Untracked 
|  28|0x0000000081c00000, 0x0000000081ce1098, 0x0000000081d00000| 87%| S|CS|TAMS 0x0000000081c00000| PB 0x0000000081c00000| Complete 
|  29|0x0000000081d00000, 0x0000000081e00000, 0x0000000081e00000|100%| S|CS|TAMS 0x0000000081d00000| PB 0x0000000081d00000| Complete 
|  30|0x0000000081e00000, 0x0000000081f00000, 0x0000000081f00000|100%| S|CS|TAMS 0x0000000081e00000| PB 0x0000000081e00000| Complete 
|  31|0x0000000081f00000, 0x0000000082000000, 0x0000000082000000|100%| S|CS|TAMS 0x0000000081f00000| PB 0x0000000081f00000| Complete 
|  32|0x0000000082000000, 0x0000000082100000, 0x0000000082100000|100%| S|CS|TAMS 0x0000000082000000| PB 0x0000000082000000| Complete 
|  33|0x0000000082100000, 0x0000000082200000, 0x0000000082200000|100%| S|CS|TAMS 0x0000000082100000| PB 0x0000000082100000| Complete 
|  34|0x0000000082200000, 0x0000000082200000, 0x0000000082300000|  0%| F|  |TAMS 0x0000000082200000| PB 0x0000000082200000| Untracked 
|  35|0x0000000082300000, 0x0000000082300000, 0x0000000082400000|  0%| F|  |TAMS 0x0000000082300000| PB 0x0000000082300000| Untracked 
|  36|0x0000000082400000, 0x0000000082400000, 0x0000000082500000|  0%| F|  |TAMS 0x0000000082400000| PB 0x0000000082400000| Untracked 
|  37|0x0000000082500000, 0x0000000082500000, 0x0000000082600000|  0%| F|  |TAMS 0x0000000082500000| PB 0x0000000082500000| Untracked 
|  38|0x0000000082600000, 0x0000000082600000, 0x0000000082700000|  0%| F|  |TAMS 0x0000000082600000| PB 0x0000000082600000| Untracked 
|  39|0x0000000082700000, 0x0000000082700000, 0x0000000082800000|  0%| F|  |TAMS 0x0000000082700000| PB 0x0000000082700000| Untracked 
|  40|0x0000000082800000, 0x0000000082800000, 0x0000000082900000|  0%| F|  |TAMS 0x0000000082800000| PB 0x0000000082800000| Untracked 
|  41|0x0000000082900000, 0x0000000082900000, 0x0000000082a00000|  0%| F|  |TAMS 0x0000000082900000| PB 0x0000000082900000| Untracked 
|  42|0x0000000082a00000, 0x0000000082a00000, 0x0000000082b00000|  0%| F|  |TAMS 0x0000000082a00000| PB 0x0000000082a00000| Untracked 
|  43|0x0000000082b00000, 0x0000000082b00000, 0x0000000082c00000|  0%| F|  |TAMS 0x0000000082b00000| PB 0x0000000082b00000| Untracked 
|  44|0x0000000082c00000, 0x0000000082d00000, 0x0000000082d00000|100%| E|  |TAMS 0x0000000082c00000| PB 0x0000000082c00000| Complete 
|  45|0x0000000082d00000, 0x0000000082e00000, 0x0000000082e00000|100%| E|CS|TAMS 0x0000000082d00000| PB 0x0000000082d00000| Complete 
|  46|0x0000000082e00000, 0x0000000082f00000, 0x0000000082f00000|100%| E|CS|TAMS 0x0000000082e00000| PB 0x0000000082e00000| Complete 
|  47|0x0000000082f00000, 0x0000000083000000, 0x0000000083000000|100%| E|CS|TAMS 0x0000000082f00000| PB 0x0000000082f00000| Complete 
|  48|0x0000000083000000, 0x0000000083100000, 0x0000000083100000|100%| E|CS|TAMS 0x0000000083000000| PB 0x0000000083000000| Complete 
|  49|0x0000000083100000, 0x0000000083200000, 0x0000000083200000|100%| E|CS|TAMS 0x0000000083100000| PB 0x0000000083100000| Complete 
|  50|0x0000000083200000, 0x0000000083300000, 0x0000000083300000|100%| E|CS|TAMS 0x0000000083200000| PB 0x0000000083200000| Complete 
|  51|0x0000000083300000, 0x0000000083400000, 0x0000000083400000|100%| E|CS|TAMS 0x0000000083300000| PB 0x0000000083300000| Complete 
|  52|0x0000000083400000, 0x0000000083500000, 0x0000000083500000|100%| E|CS|TAMS 0x0000000083400000| PB 0x0000000083400000| Complete 
|  53|0x0000000083500000, 0x0000000083600000, 0x0000000083600000|100%| E|CS|TAMS 0x0000000083500000| PB 0x0000000083500000| Complete 
|  54|0x0000000083600000, 0x0000000083700000, 0x0000000083700000|100%| E|CS|TAMS 0x0000000083600000| PB 0x0000000083600000| Complete 
|  55|0x0000000083700000, 0x0000000083800000, 0x0000000083800000|100%| E|CS|TAMS 0x0000000083700000| PB 0x0000000083700000| Complete 
|  56|0x0000000083800000, 0x0000000083900000, 0x0000000083900000|100%| E|CS|TAMS 0x0000000083800000| PB 0x0000000083800000| Complete 
|  57|0x0000000083900000, 0x0000000083a00000, 0x0000000083a00000|100%| E|CS|TAMS 0x0000000083900000| PB 0x0000000083900000| Complete 
|  58|0x0000000083a00000, 0x0000000083b00000, 0x0000000083b00000|100%| E|CS|TAMS 0x0000000083a00000| PB 0x0000000083a00000| Complete 
|  59|0x0000000083b00000, 0x0000000083c00000, 0x0000000083c00000|100%| E|CS|TAMS 0x0000000083b00000| PB 0x0000000083b00000| Complete 
|  60|0x0000000083c00000, 0x0000000083d00000, 0x0000000083d00000|100%| E|CS|TAMS 0x0000000083c00000| PB 0x0000000083c00000| Complete 
|  61|0x0000000083d00000, 0x0000000083e00000, 0x0000000083e00000|100%| E|CS|TAMS 0x0000000083d00000| PB 0x0000000083d00000| Complete 
|  62|0x0000000083e00000, 0x0000000083f00000, 0x0000000083f00000|100%| E|CS|TAMS 0x0000000083e00000| PB 0x0000000083e00000| Complete 
|  63|0x0000000083f00000, 0x0000000084000000, 0x0000000084000000|100%| E|CS|TAMS 0x0000000083f00000| PB 0x0000000083f00000| Complete 
|  64|0x0000000084000000, 0x0000000084100000, 0x0000000084100000|100%| E|CS|TAMS 0x0000000084000000| PB 0x0000000084000000| Complete 
|  65|0x0000000084100000, 0x0000000084200000, 0x0000000084200000|100%| E|CS|TAMS 0x0000000084100000| PB 0x0000000084100000| Complete 
|  66|0x0000000084200000, 0x0000000084300000, 0x0000000084300000|100%| E|CS|TAMS 0x0000000084200000| PB 0x0000000084200000| Complete 
|  67|0x0000000084300000, 0x0000000084400000, 0x0000000084400000|100%| E|CS|TAMS 0x0000000084300000| PB 0x0000000084300000| Complete 
|  68|0x0000000084400000, 0x0000000084500000, 0x0000000084500000|100%| E|CS|TAMS 0x0000000084400000| PB 0x0000000084400000| Complete 
|  69|0x0000000084500000, 0x0000000084600000, 0x0000000084600000|100%| E|CS|TAMS 0x0000000084500000| PB 0x0000000084500000| Complete 
|  70|0x0000000084600000, 0x0000000084700000, 0x0000000084700000|100%| E|CS|TAMS 0x0000000084600000| PB 0x0000000084600000| Complete 
|  71|0x0000000084700000, 0x0000000084800000, 0x0000000084800000|100%| E|CS|TAMS 0x0000000084700000| PB 0x0000000084700000| Complete 
| 473|0x000000009d900000, 0x000000009da00000, 0x000000009da00000|100%| E|  |TAMS 0x000000009d900000| PB 0x000000009d900000| Complete 
| 474|0x000000009da00000, 0x000000009db00000, 0x000000009db00000|100%| E|CS|TAMS 0x000000009da00000| PB 0x000000009da00000| Complete 
| 475|0x000000009db00000, 0x000000009dc00000, 0x000000009dc00000|100%| E|CS|TAMS 0x000000009db00000| PB 0x000000009db00000| Complete 
| 476|0x000000009dc00000, 0x000000009dd00000, 0x000000009dd00000|100%| E|CS|TAMS 0x000000009dc00000| PB 0x000000009dc00000| Complete 
| 477|0x000000009dd00000, 0x000000009de00000, 0x000000009de00000|100%| E|CS|TAMS 0x000000009dd00000| PB 0x000000009dd00000| Complete 
| 478|0x000000009de00000, 0x000000009df00000, 0x000000009df00000|100%| E|CS|TAMS 0x000000009de00000| PB 0x000000009de00000| Complete 
| 479|0x000000009df00000, 0x000000009e000000, 0x000000009e000000|100%| E|CS|TAMS 0x000000009df00000| PB 0x000000009df00000| Complete 
| 480|0x000000009e000000, 0x000000009e100000, 0x000000009e100000|100%| E|CS|TAMS 0x000000009e000000| PB 0x000000009e000000| Complete 
| 481|0x000000009e100000, 0x000000009e200000, 0x000000009e200000|100%| E|CS|TAMS 0x000000009e100000| PB 0x000000009e100000| Complete 
| 482|0x000000009e200000, 0x000000009e300000, 0x000000009e300000|100%| E|CS|TAMS 0x000000009e200000| PB 0x000000009e200000| Complete 
| 507|0x000000009fb00000, 0x000000009fc00000, 0x000000009fc00000|100%| E|CS|TAMS 0x000000009fb00000| PB 0x000000009fb00000| Complete 

Card table byte_map: [0x000001ac9d180000,0x000001ac9d580000] _byte_map_base: 0x000001ac9cd80000

Marking Bits: (CMBitMap*) 0x000001ac8a735140
 Bits: [0x000001ac9d580000, 0x000001ac9f580000)

Polling page: 0x000001ac88670000

Metaspace:

Usage:
  Non-class:     39.69 MB used.
      Class:      6.10 MB used.
       Both:     45.79 MB used.

Virtual space:
  Non-class space:       64.00 MB reserved,      40.31 MB ( 63%) committed,  1 nodes.
      Class space:        1.00 GB reserved,       6.69 MB ( <1%) committed,  1 nodes.
             Both:        1.06 GB reserved,      47.00 MB (  4%) committed. 

Chunk freelists:
   Non-Class:  7.44 MB
       Class:  9.31 MB
        Both:  16.75 MB

MaxMetaspaceSize: unlimited
CompressedClassSpaceSize: 1.00 GB
Initial GC threshold: 21.00 MB
Current GC threshold: 58.88 MB
CDS: off
 - commit_granule_bytes: 65536.
 - commit_granule_words: 8192.
 - virtual_space_node_default_size: 8388608.
 - enlarge_chunks_in_place: 1.
 - use_allocation_guard: 0.


Internal statistics:

num_allocs_failed_limit: 6.
num_arena_births: 2278.
num_arena_deaths: 0.
num_vsnodes_births: 2.
num_vsnodes_deaths: 0.
num_space_committed: 752.
num_space_uncommitted: 0.
num_chunks_returned_to_freelist: 6.
num_chunks_taken_from_freelist: 3983.
num_chunk_merges: 6.
num_chunk_splits: 2571.
num_chunks_enlarged: 1575.
num_inconsistent_stats: 0.

CodeHeap 'non-profiled nmethods': size=120000Kb used=2195Kb max_used=2195Kb free=117804Kb
 bounds [0x000001ac95300000, 0x000001ac95570000, 0x000001ac9c830000]
CodeHeap 'profiled nmethods': size=120000Kb used=7505Kb max_used=7505Kb free=112494Kb
 bounds [0x000001ac8d830000, 0x000001ac8df90000, 0x000001ac94d60000]
CodeHeap 'non-nmethods': size=5760Kb used=1899Kb max_used=1929Kb free=3860Kb
 bounds [0x000001ac94d60000, 0x000001ac94fd0000, 0x000001ac95300000]
 total_blobs=4613 nmethods=3924 adapters=592
 compilation: enabled
              stopped_count=0, restarted_count=0
 full_count=0

Compilation events (20 events):
Event: 3.434 Thread 0x000001aca2428370 4308       3       java.lang.invoke.LambdaProxyClassArchive::find (63 bytes)
Event: 3.434 Thread 0x000001aca2428370 nmethod 4308 0x000001ac8df74c10 code [0x000001ac8df74e00, 0x000001ac8df75370]
Event: 3.434 Thread 0x000001aca2428370 4309       3       java.lang.invoke.LambdaProxyClassArchive::loadedByBuiltinLoader (22 bytes)
Event: 3.434 Thread 0x000001aca2428370 nmethod 4309 0x000001ac8df75590 code [0x000001ac8df75760, 0x000001ac8df75b38]
Event: 3.434 Thread 0x000001aca2428370 4312       3       java.lang.invoke.InnerClassLambdaMetafactory$ForwardingMethodGenerator::<init> (11 bytes)
Event: 3.434 Thread 0x000001aca2428370 nmethod 4312 0x000001ac8df75c90 code [0x000001ac8df75e40, 0x000001ac8df76040]
Event: 3.434 Thread 0x000001aca2428370 4316   !   3       java.lang.invoke.InnerClassLambdaMetafactory::buildCallSite (150 bytes)
Event: 3.435 Thread 0x000001aca2428370 nmethod 4316 0x000001ac8df76110 code [0x000001ac8df76520, 0x000001ac8df77e58]
Event: 3.435 Thread 0x000001aca2428370 4320   !   2       jdk.internal.loader.Resource::getBytes (244 bytes)
Event: 3.435 Thread 0x000001aca2428370 nmethod 4320 0x000001ac8df78c10 code [0x000001ac8df78ea0, 0x000001ac8df798e0]
Event: 3.435 Thread 0x000001aca2428370 4319   !   3       java.net.URLClassLoader::defineClass (224 bytes)
Event: 3.436 Thread 0x000001aca2428370 nmethod 4319 0x000001ac8df7a010 code [0x000001ac8df7a440, 0x000001ac8df7bf78]
Event: 3.436 Thread 0x000001aca2428370 4321       3       jdk.internal.loader.Resource::getByteBuffer (24 bytes)
Event: 3.436 Thread 0x000001aca2428370 nmethod 4321 0x000001ac8df7c990 code [0x000001ac8df7cb80, 0x000001ac8df7d230]
Event: 3.436 Thread 0x000001aca2428370 4322       3       java.lang.ClassLoader::getClassLoadingLock (35 bytes)
Event: 3.436 Thread 0x000001aca2428370 nmethod 4322 0x000001ac8df7d390 code [0x000001ac8df7d560, 0x000001ac8df7d838]
Event: 3.440 Thread 0x000001aca2428370 4323       3       java.lang.Exception::<init> (6 bytes)
Event: 3.440 Thread 0x000001aca2428370 nmethod 4323 0x000001ac8df7d990 code [0x000001ac8df7db60, 0x000001ac8df7df88]
Event: 3.441 Thread 0x000001aca2428370 4324       3       java.lang.Class::getEnclosingMethodInfo (20 bytes)
Event: 3.441 Thread 0x000001aca2428370 nmethod 4324 0x000001ac8df7e090 code [0x000001ac8df7e260, 0x000001ac8df7e490]

GC Heap History (16 events):
Event: 0.283 GC heap before
{Heap before GC invocations=0 (full 0):
 garbage-first heap   total 520192K, used 24576K [0x0000000080000000, 0x0000000100000000)
  region size 1024K, 25 young (25600K), 0 survivors (0K)
 Metaspace       used 7975K, committed 8128K, reserved 1114112K
  class space    used 709K, committed 768K, reserved 1048576K
}
Event: 0.286 GC heap after
{Heap after GC invocations=1 (full 0):
 garbage-first heap   total 520192K, used 4725K [0x0000000080000000, 0x0000000100000000)
  region size 1024K, 4 young (4096K), 4 survivors (4096K)
 Metaspace       used 7975K, committed 8128K, reserved 1114112K
  class space    used 709K, committed 768K, reserved 1048576K
}
Event: 0.638 GC heap before
{Heap before GC invocations=1 (full 0):
 garbage-first heap   total 520192K, used 42613K [0x0000000080000000, 0x0000000100000000)
  region size 1024K, 38 young (38912K), 4 survivors (4096K)
 Metaspace       used 12111K, committed 12352K, reserved 1114112K
  class space    used 1275K, committed 1408K, reserved 1048576K
}
Event: 0.641 GC heap after
{Heap after GC invocations=2 (full 0):
 garbage-first heap   total 520192K, used 11035K [0x0000000080000000, 0x0000000100000000)
  region size 1024K, 4 young (4096K), 4 survivors (4096K)
 Metaspace       used 12111K, committed 12352K, reserved 1114112K
  class space    used 1275K, committed 1408K, reserved 1048576K
}
Event: 1.094 GC heap before
{Heap before GC invocations=2 (full 0):
 garbage-first heap   total 520192K, used 60187K [0x0000000080000000, 0x0000000100000000)
  region size 1024K, 50 young (51200K), 4 survivors (4096K)
 Metaspace       used 14689K, committed 14912K, reserved 1114112K
  class space    used 1590K, committed 1664K, reserved 1048576K
}
Event: 1.099 GC heap after
{Heap after GC invocations=3 (full 0):
 garbage-first heap   total 520192K, used 17860K [0x0000000080000000, 0x0000000100000000)
  region size 1024K, 7 young (7168K), 7 survivors (7168K)
 Metaspace       used 14689K, committed 14912K, reserved 1114112K
  class space    used 1590K, committed 1664K, reserved 1048576K
}
Event: 1.487 GC heap before
{Heap before GC invocations=3 (full 0):
 garbage-first heap   total 520192K, used 42436K [0x0000000080000000, 0x0000000100000000)
  region size 1024K, 32 young (32768K), 7 survivors (7168K)
 Metaspace       used 21171K, committed 21504K, reserved 1114112K
  class space    used 2439K, committed 2624K, reserved 1048576K
}
Event: 1.491 GC heap after
{Heap after GC invocations=4 (full 0):
 garbage-first heap   total 520192K, used 20446K [0x0000000080000000, 0x0000000100000000)
  region size 1024K, 10 young (10240K), 10 survivors (10240K)
 Metaspace       used 21171K, committed 21504K, reserved 1114112K
  class space    used 2439K, committed 2624K, reserved 1048576K
}
Event: 2.224 GC heap before
{Heap before GC invocations=5 (full 0):
 garbage-first heap   total 71680K, used 69598K [0x0000000080000000, 0x0000000100000000)
  region size 1024K, 59 young (60416K), 10 survivors (10240K)
 Metaspace       used 29255K, committed 29824K, reserved 1114112K
  class space    used 3702K, committed 3968K, reserved 1048576K
}
Event: 2.228 GC heap after
{Heap after GC invocations=6 (full 0):
 garbage-first heap   total 84992K, used 23373K [0x0000000080000000, 0x0000000100000000)
  region size 1024K, 13 young (13312K), 13 survivors (13312K)
 Metaspace       used 29255K, committed 29824K, reserved 1114112K
  class space    used 3702K, committed 3968K, reserved 1048576K
}
Event: 2.631 GC heap before
{Heap before GC invocations=6 (full 0):
 garbage-first heap   total 84992K, used 59213K [0x0000000080000000, 0x0000000100000000)
  region size 1024K, 49 young (50176K), 13 survivors (13312K)
 Metaspace       used 34249K, committed 35072K, reserved 1114112K
  class space    used 4558K, committed 4928K, reserved 1048576K
}
Event: 2.636 GC heap after
{Heap after GC invocations=7 (full 0):
 garbage-first heap   total 84992K, used 26021K [0x0000000080000000, 0x0000000100000000)
  region size 1024K, 6 young (6144K), 6 survivors (6144K)
 Metaspace       used 34249K, committed 35072K, reserved 1114112K
  class space    used 4558K, committed 4928K, reserved 1048576K
}
Event: 2.715 GC heap before
{Heap before GC invocations=7 (full 0):
 garbage-first heap   total 84992K, used 32165K [0x0000000080000000, 0x0000000100000000)
  region size 1024K, 14 young (14336K), 6 survivors (6144K)
 Metaspace       used 35272K, committed 36096K, reserved 1114112K
  class space    used 4691K, committed 5120K, reserved 1048576K
}
Event: 2.718 GC heap after
{Heap after GC invocations=8 (full 0):
 garbage-first heap   total 84992K, used 26427K [0x0000000080000000, 0x0000000100000000)
  region size 1024K, 4 young (4096K), 4 survivors (4096K)
 Metaspace       used 35272K, committed 36096K, reserved 1114112K
  class space    used 4691K, committed 5120K, reserved 1048576K
}
Event: 3.199 GC heap before
{Heap before GC invocations=9 (full 0):
 garbage-first heap   total 84992K, used 71483K [0x0000000080000000, 0x0000000100000000)
  region size 1024K, 49 young (50176K), 4 survivors (4096K)
 Metaspace       used 41804K, committed 43072K, reserved 1114112K
  class space    used 5671K, committed 6272K, reserved 1048576K
}
Event: 3.203 GC heap after
{Heap after GC invocations=10 (full 0):
 garbage-first heap   total 84992K, used 29032K [0x0000000080000000, 0x0000000100000000)
  region size 1024K, 6 young (6144K), 6 survivors (6144K)
 Metaspace       used 41804K, committed 43072K, reserved 1114112K
  class space    used 5671K, committed 6272K, reserved 1048576K
}

Dll operation events (3 events):
Event: 0.011 Loaded shared library C:\Program Files\Android\Android Studio\jbr\bin\java.dll
Event: 0.016 Loaded shared library C:\Program Files\Android\Android Studio\jbr\bin\zip.dll
Event: 0.310 Loaded shared library C:\Program Files\Android\Android Studio\jbr\bin\verify.dll

Deoptimization events (20 events):
Event: 3.335 Thread 0x000001aca8c01820 DEOPT PACKING pc=0x000001ac8dee3603 sp=0x000000508bcf8940
Event: 3.335 Thread 0x000001aca8c01820 DEOPT UNPACKING pc=0x000001ac94db4e42 sp=0x000000508bcf7ed8 mode 0
Event: 3.335 Thread 0x000001aca8c01820 DEOPT PACKING pc=0x000001ac8dee3603 sp=0x000000508bcf8940
Event: 3.335 Thread 0x000001aca8c01820 DEOPT UNPACKING pc=0x000001ac94db4e42 sp=0x000000508bcf7ed8 mode 0
Event: 3.335 Thread 0x000001aca8c01820 DEOPT PACKING pc=0x000001ac8dee3603 sp=0x000000508bcf8940
Event: 3.335 Thread 0x000001aca8c01820 DEOPT UNPACKING pc=0x000001ac94db4e42 sp=0x000000508bcf7ed8 mode 0
Event: 3.355 Thread 0x000001aca8c01820 Uncommon trap: trap_request=0xffffff45 fr.pc=0x000001ac95418d18 relative=0x00000000000000f8
Event: 3.355 Thread 0x000001aca8c01820 Uncommon trap: reason=unstable_if action=reinterpret pc=0x000001ac95418d18 method=java.lang.ClassLoader.getClassLoadingLock(Ljava/lang/String;)Ljava/lang/Object; @ 6 c2
Event: 3.355 Thread 0x000001aca8c01820 DEOPT PACKING pc=0x000001ac95418d18 sp=0x000000508bcf8dd0
Event: 3.355 Thread 0x000001aca8c01820 DEOPT UNPACKING pc=0x000001ac94db46a2 sp=0x000000508bcf8d60 mode 2
Event: 3.359 Thread 0x000001aca8c01820 Uncommon trap: trap_request=0xffffff6e fr.pc=0x000001ac955037ec relative=0x000000000000082c
Event: 3.359 Thread 0x000001aca8c01820 Uncommon trap: reason=loop_limit_check action=maybe_recompile pc=0x000001ac955037ec method=java.util.regex.Pattern$Start.match(Ljava/util/regex/Matcher;ILjava/lang/CharSequence;)Z @ 34 c2
Event: 3.359 Thread 0x000001aca8c01820 DEOPT PACKING pc=0x000001ac955037ec sp=0x000000508bcf8b50
Event: 3.359 Thread 0x000001aca8c01820 DEOPT UNPACKING pc=0x000001ac94db46a2 sp=0x000000508bcf8aa0 mode 2
Event: 3.393 Thread 0x000001aca8c01820 Uncommon trap: trap_request=0xffffff6e fr.pc=0x000001ac953bf22c relative=0x00000000000003ec
Event: 3.393 Thread 0x000001aca8c01820 Uncommon trap: reason=loop_limit_check action=maybe_recompile pc=0x000001ac953bf22c method=java.lang.StringLatin1.indexOf([BI[BII)I @ 37 c2
Event: 3.393 Thread 0x000001aca8c01820 DEOPT PACKING pc=0x000001ac953bf22c sp=0x000000508bcf8670
Event: 3.393 Thread 0x000001aca8c01820 DEOPT UNPACKING pc=0x000001ac94db46a2 sp=0x000000508bcf85d0 mode 2
Event: 3.394 Thread 0x000001aca8c01820 DEOPT PACKING pc=0x000001ac8df276c0 sp=0x000000508bcf88a0
Event: 3.394 Thread 0x000001aca8c01820 DEOPT UNPACKING pc=0x000001ac94db4e42 sp=0x000000508bcf7d90 mode 0

Classes loaded (20 events):
Event: 3.363 Loading class java/nio/ByteBufferAsIntBufferL
Event: 3.363 Loading class java/nio/ByteBufferAsIntBufferL done
Event: 3.364 Loading class jdk/internal/jrtfs/JrtFileAttributes
Event: 3.364 Loading class jdk/internal/jrtfs/JrtFileAttributes done
Event: 3.364 Loading class jdk/internal/jrtfs/JrtDirectoryStream
Event: 3.364 Loading class jdk/internal/jrtfs/JrtDirectoryStream done
Event: 3.365 Loading class jdk/internal/jrtfs/JrtDirectoryStream$1
Event: 3.365 Loading class jdk/internal/jrtfs/JrtDirectoryStream$1 done
Event: 3.365 Loading class java/util/function/BooleanSupplier
Event: 3.365 Loading class java/util/function/BooleanSupplier done
Event: 3.366 Loading class jdk/internal/jimage/ImageReader$Resource
Event: 3.366 Loading class jdk/internal/jimage/ImageReader$Resource done
Event: 3.415 Loading class java/util/WeakHashMap$KeyIterator
Event: 3.415 Loading class java/util/WeakHashMap$HashIterator
Event: 3.415 Loading class java/util/WeakHashMap$HashIterator done
Event: 3.415 Loading class java/util/WeakHashMap$KeyIterator done
Event: 3.438 Loading class sun/nio/fs/WindowsPath$1
Event: 3.438 Loading class sun/nio/fs/WindowsPath$1 done
Event: 3.439 Loading class sun/nio/fs/WindowsException
Event: 3.439 Loading class sun/nio/fs/WindowsException done

Classes unloaded (0 events):
No events

Classes redefined (0 events):
No events

Internal exceptions (20 events):
Event: 3.145 Thread 0x000001aca8c01820 Exception <a 'java/lang/NoSuchMethodError'{0x0000000082509438}: 'java.lang.reflect.Method[] java.lang.Class.getDeclaredMethods(java.lang.Class)'> (0x0000000082509438) 
thrown [s\src\hotspot\share\interpreter\linkResolver.cpp, line 784]
Event: 3.168 Thread 0x000001aca8c01820 Exception <a 'java/lang/NoSuchMethodError'{0x00000000824606c8}: 'void java.lang.invoke.DirectMethodHandle$Holder.invokeStaticInit(java.lang.Object, java.lang.Object, java.lang.Object)'> (0x00000000824606c8) 
thrown [s\src\hotspot\share\interpreter\linkResolver.cpp, line 784]
Event: 3.170 Thread 0x000001aca8c01820 Exception <a 'java/lang/NoSuchMethodError'{0x00000000824847b0}: 'void java.lang.invoke.DirectMethodHandle$Holder.invokeStaticInit(java.lang.Object, java.lang.Object, java.lang.Object, java.lang.Object, java.lang.Object)'> (0x00000000824847b0) 
thrown [s\src\hotspot\share\interpreter\linkResolver.cpp, line 784]
Event: 3.177 Thread 0x000001aca8c01820 Exception <a 'java/lang/NoSuchMethodError'{0x00000000824dc0b8}: 'int java.lang.invoke.DirectMethodHandle$Holder.invokeStaticInit(java.lang.Object, java.lang.Object, java.lang.Object, java.lang.Object)'> (0x00000000824dc0b8) 
thrown [s\src\hotspot\share\interpreter\linkResolver.cpp, line 784]
Event: 3.278 Thread 0x000001aca8c01820 Exception <a 'java/lang/ClassNotFoundException'{0x000000009ddf6660}: groovy/lang/ExpandoMetaClassBeanInfo> (0x000000009ddf6660) 
thrown [s\src\hotspot\share\classfile\systemDictionary.cpp, line 312]
Event: 3.278 Thread 0x000001aca8c01820 Exception <a 'java/lang/ClassNotFoundException'{0x000000009ddfe998}: groovy/lang/MetaClassImplBeanInfo> (0x000000009ddfe998) 
thrown [s\src\hotspot\share\classfile\systemDictionary.cpp, line 312]
Event: 3.278 Thread 0x000001aca8c01820 Exception <a 'java/lang/ClassNotFoundException'{0x000000009dc035a0}: java/lang/ObjectBeanInfo> (0x000000009dc035a0) 
thrown [s\src\hotspot\share\classfile\systemDictionary.cpp, line 312]
Event: 3.278 Thread 0x000001aca8c01820 Exception <a 'java/lang/ClassNotFoundException'{0x000000009dc08f98}: java/lang/ObjectCustomizer> (0x000000009dc08f98) 
thrown [s\src\hotspot\share\classfile\systemDictionary.cpp, line 312]
Event: 3.280 Thread 0x000001aca8c01820 Exception <a 'java/lang/IncompatibleClassChangeError'{0x000000009dc173a8}: Found class java.lang.Object, but interface was expected> (0x000000009dc173a8) 
thrown [s\src\hotspot\share\interpreter\linkResolver.cpp, line 851]
Event: 3.282 Thread 0x000001aca8c01820 Exception <a 'java/lang/ClassNotFoundException'{0x000000009dc31290}: groovy/lang/MetaClassImplCustomizer> (0x000000009dc31290) 
thrown [s\src\hotspot\share\classfile\systemDictionary.cpp, line 312]
Event: 3.283 Thread 0x000001aca8c01820 Exception <a 'java/lang/ClassNotFoundException'{0x000000009dc59200}: groovy/lang/ExpandoMetaClassCustomizer> (0x000000009dc59200) 
thrown [s\src\hotspot\share\classfile\systemDictionary.cpp, line 312]
Event: 3.419 Thread 0x000001aca8c01820 Exception <a 'java/lang/ClassNotFoundException'{0x0000000083133f78}: org/gradle/internal/extensibility/DefaultExtraPropertiesExtensionBeanInfo> (0x0000000083133f78) 
thrown [s\src\hotspot\share\classfile\systemDictionary.cpp, line 312]
Event: 3.419 Thread 0x000001aca8c01820 Exception <a 'java/lang/ClassNotFoundException'{0x000000008313c3e0}: groovy/lang/GroovyObjectSupportBeanInfo> (0x000000008313c3e0) 
thrown [s\src\hotspot\share\classfile\systemDictionary.cpp, line 312]
Event: 3.419 Thread 0x000001aca8c01820 Exception <a 'java/lang/ClassNotFoundException'{0x0000000083144850}: groovy/lang/GroovyObjectSupportCustomizer> (0x0000000083144850) 
thrown [s\src\hotspot\share\classfile\systemDictionary.cpp, line 312]
Event: 3.421 Thread 0x000001aca8c01820 Exception <a 'java/lang/ClassNotFoundException'{0x000000008315e810}: org/gradle/internal/extensibility/DefaultExtraPropertiesExtensionCustomizer> (0x000000008315e810) 
thrown [s\src\hotspot\share\classfile\systemDictionary.cpp, line 312]
Event: 3.424 Thread 0x000001aca8c01820 Exception <a 'java/lang/IncompatibleClassChangeError'{0x0000000083179278}: Found class java.lang.Object, but interface was expected> (0x0000000083179278) 
thrown [s\src\hotspot\share\interpreter\linkResolver.cpp, line 851]
Event: 3.439 Thread 0x000001aca8c01820 Exception <a 'sun/nio/fs/WindowsException'{0x0000000083046028}> (0x0000000083046028) 
thrown [s\src\hotspot\share\prims\jni.cpp, line 535]
Event: 3.439 Thread 0x000001aca8c01820 Exception <a 'sun/nio/fs/WindowsException'{0x0000000083047528}> (0x0000000083047528) 
thrown [s\src\hotspot\share\prims\jni.cpp, line 535]
Event: 3.439 Thread 0x000001aca8c01820 Exception <a 'sun/nio/fs/WindowsException'{0x00000000830489d0}> (0x00000000830489d0) 
thrown [s\src\hotspot\share\prims\jni.cpp, line 535]
Event: 3.440 Thread 0x000001aca8c01820 Exception <a 'sun/nio/fs/WindowsException'{0x0000000083049a98}> (0x0000000083049a98) 
thrown [s\src\hotspot\share\prims\jni.cpp, line 535]

ZGC Phase Switch (0 events):
No events

VM Operations (20 events):
Event: 2.873 Executing VM operation: HandshakeAllThreads (Deoptimize)
Event: 2.873 Executing VM operation: HandshakeAllThreads (Deoptimize) done
Event: 2.962 Executing VM operation: HandshakeAllThreads (Deoptimize)
Event: 2.962 Executing VM operation: HandshakeAllThreads (Deoptimize) done
Event: 3.138 Executing VM operation: HandshakeAllThreads (Deoptimize)
Event: 3.138 Executing VM operation: HandshakeAllThreads (Deoptimize) done
Event: 3.145 Executing VM operation: ICBufferFull
Event: 3.145 Executing VM operation: ICBufferFull done
Event: 3.199 Executing VM operation: G1CollectForAllocation (G1 Evacuation Pause)
Event: 3.203 Executing VM operation: G1CollectForAllocation (G1 Evacuation Pause) done
Event: 3.230 Executing VM operation: HandshakeAllThreads (Deoptimize)
Event: 3.230 Executing VM operation: HandshakeAllThreads (Deoptimize) done
Event: 3.319 Executing VM operation: HandshakeAllThreads (Deoptimize)
Event: 3.319 Executing VM operation: HandshakeAllThreads (Deoptimize) done
Event: 3.319 Executing VM operation: HandshakeAllThreads (Deoptimize)
Event: 3.319 Executing VM operation: HandshakeAllThreads (Deoptimize) done
Event: 3.321 Executing VM operation: HandshakeAllThreads (Deoptimize)
Event: 3.321 Executing VM operation: HandshakeAllThreads (Deoptimize) done
Event: 3.363 Executing VM operation: HandshakeAllThreads (Deoptimize)
Event: 3.363 Executing VM operation: HandshakeAllThreads (Deoptimize) done

Memory protections (0 events):
No events

Nmethod flushes (20 events):
Event: 2.725 Thread 0x000001aca23c8cb0 flushing  nmethod 0x000001ac8d8f6190
Event: 2.725 Thread 0x000001aca23c8cb0 flushing  nmethod 0x000001ac8d944510
Event: 2.725 Thread 0x000001aca23c8cb0 flushing  nmethod 0x000001ac8d944f10
Event: 2.725 Thread 0x000001aca23c8cb0 flushing  nmethod 0x000001ac8d946690
Event: 2.725 Thread 0x000001aca23c8cb0 flushing  nmethod 0x000001ac8d949110
Event: 2.725 Thread 0x000001aca23c8cb0 flushing  nmethod 0x000001ac8d94a110
Event: 2.725 Thread 0x000001aca23c8cb0 flushing  nmethod 0x000001ac8d9aac10
Event: 2.725 Thread 0x000001aca23c8cb0 flushing  nmethod 0x000001ac8d9ae590
Event: 2.725 Thread 0x000001aca23c8cb0 flushing  nmethod 0x000001ac8d9afe10
Event: 2.725 Thread 0x000001aca23c8cb0 flushing  nmethod 0x000001ac8da31410
Event: 2.725 Thread 0x000001aca23c8cb0 flushing  nmethod 0x000001ac8da32110
Event: 2.725 Thread 0x000001aca23c8cb0 flushing  nmethod 0x000001ac8da34090
Event: 2.725 Thread 0x000001aca23c8cb0 flushing  nmethod 0x000001ac8da34710
Event: 2.725 Thread 0x000001aca23c8cb0 flushing  nmethod 0x000001ac8da35110
Event: 2.725 Thread 0x000001aca23c8cb0 flushing  nmethod 0x000001ac8da35810
Event: 2.725 Thread 0x000001aca23c8cb0 flushing  nmethod 0x000001ac8da35e10
Event: 2.725 Thread 0x000001aca23c8cb0 flushing  nmethod 0x000001ac8da36810
Event: 2.725 Thread 0x000001aca23c8cb0 flushing  nmethod 0x000001ac8da36d90
Event: 2.725 Thread 0x000001aca23c8cb0 flushing  nmethod 0x000001ac8da38390
Event: 2.725 Thread 0x000001aca23c8cb0 flushing  nmethod 0x000001ac8da8b590

Events (20 events):
Event: 1.448 Thread 0x000001aca8df8910 Thread added: 0x000001aca8df8280
Event: 1.450 Thread 0x000001aca8df8280 Thread exited: 0x000001aca8df8280
Event: 1.510 Thread 0x000001aca8df8910 Thread added: 0x000001aca8df8fa0
Event: 1.520 Thread 0x000001aca8df8fa0 Thread exited: 0x000001aca8df8fa0
Event: 1.774 Thread 0x000001aca8c01820 Thread added: 0x000001aca8df8280
Event: 1.778 Thread 0x000001aca8c01820 Thread added: 0x000001aca8df8fa0
Event: 1.802 Thread 0x000001aca8c01820 Thread added: 0x000001aca8dfb070
Event: 1.936 Thread 0x000001aca2428370 Thread added: 0x000001aca9f34420
Event: 1.960 Thread 0x000001aca8df8910 Thread added: 0x000001aca8df9630
Event: 1.962 Thread 0x000001aca8df9630 Thread exited: 0x000001aca8df9630
Event: 2.070 Thread 0x000001aca8df8910 Thread added: 0x000001aca8df9630
Event: 2.072 Thread 0x000001aca8df9630 Thread exited: 0x000001aca8df9630
Event: 2.335 Thread 0x000001aca8c01820 Thread added: 0x000001aca8dfa350
Event: 2.507 Thread 0x000001aca8c01820 Thread added: 0x000001aca8df9630
Event: 2.512 Thread 0x000001aca8c01820 Thread added: 0x000001aca8dfa9e0
Event: 2.619 Thread 0x000001aca8c01820 Thread added: 0x000001aca9714cc0
Event: 2.623 Thread 0x000001aca8c01820 Thread added: 0x000001aca9714630
Event: 2.824 Thread 0x000001aca8c01820 Thread added: 0x000001aca9711840
Event: 2.922 Thread 0x000001aca8c01820 Thread added: 0x000001aca9713910
Event: 2.989 Thread 0x000001aca8c01820 Thread added: 0x000001aca9711ed0


Dynamic libraries:
0x00007ff610430000 - 0x00007ff61043a000 	C:\Program Files\Android\Android Studio\jbr\bin\java.exe
0x00007ff8edd20000 - 0x00007ff8edf86000 	C:\WINDOWS\SYSTEM32\ntdll.dll
0x00007ff8ebbc0000 - 0x00007ff8ebc89000 	C:\WINDOWS\System32\KERNEL32.DLL
0x00007ff8eb3c0000 - 0x00007ff8eb78c000 	C:\WINDOWS\System32\KERNELBASE.dll
0x00007ff8eb790000 - 0x00007ff8eb8db000 	C:\WINDOWS\System32\ucrtbase.dll
0x00007ff86f4a0000 - 0x00007ff86f4b8000 	C:\Program Files\Android\Android Studio\jbr\bin\jli.dll
0x00007ff8edb10000 - 0x00007ff8edcda000 	C:\WINDOWS\System32\USER32.dll
0x00007ff8ae810000 - 0x00007ff8ae82b000 	C:\Program Files\Android\Android Studio\jbr\bin\VCRUNTIME140.dll
0x00007ff8eb390000 - 0x00007ff8eb3b7000 	C:\WINDOWS\System32\win32u.dll
0x00007ff8ea120000 - 0x00007ff8ea3ba000 	C:\WINDOWS\WinSxS\amd64_microsoft.windows.common-controls_6595b64144ccf1df_6.0.26100.3912_none_3e07963ce335137e\COMCTL32.dll
0x00007ff8ecd90000 - 0x00007ff8ecdbb000 	C:\WINDOWS\System32\GDI32.dll
0x00007ff8eb8e0000 - 0x00007ff8eba12000 	C:\WINDOWS\System32\gdi32full.dll
0x00007ff8ec920000 - 0x00007ff8ec9c9000 	C:\WINDOWS\System32\msvcrt.dll
0x00007ff8eaf50000 - 0x00007ff8eaff3000 	C:\WINDOWS\System32\msvcp_win.dll
0x00007ff8ebae0000 - 0x00007ff8ebb10000 	C:\WINDOWS\System32\IMM32.DLL
0x00007ff8b0560000 - 0x00007ff8b056c000 	C:\Program Files\Android\Android Studio\jbr\bin\vcruntime140_1.dll
0x00007ff86f410000 - 0x00007ff86f49d000 	C:\Program Files\Android\Android Studio\jbr\bin\msvcp140.dll
0x00007ff882dd0000 - 0x00007ff883a5a000 	C:\Program Files\Android\Android Studio\jbr\bin\server\jvm.dll
0x00007ff8ed970000 - 0x00007ff8eda22000 	C:\WINDOWS\System32\ADVAPI32.dll
0x00007ff8ed670000 - 0x00007ff8ed716000 	C:\WINDOWS\System32\sechost.dll
0x00007ff8ec3f0000 - 0x00007ff8ec506000 	C:\WINDOWS\System32\RPCRT4.dll
0x00007ff8ec8a0000 - 0x00007ff8ec914000 	C:\WINDOWS\System32\WS2_32.dll
0x00007ff8ea6f0000 - 0x00007ff8ea74e000 	C:\WINDOWS\SYSTEM32\POWRPROF.dll
0x00007ff8e1720000 - 0x00007ff8e1756000 	C:\WINDOWS\SYSTEM32\WINMM.dll
0x00007ff8d5fb0000 - 0x00007ff8d5fbb000 	C:\WINDOWS\SYSTEM32\VERSION.dll
0x00007ff8ea5c0000 - 0x00007ff8ea5d4000 	C:\WINDOWS\SYSTEM32\UMPDC.dll
0x00007ff8e93c0000 - 0x00007ff8e93da000 	C:\WINDOWS\SYSTEM32\kernel.appcore.dll
0x00007ff8ae030000 - 0x00007ff8ae03a000 	C:\Program Files\Android\Android Studio\jbr\bin\jimage.dll
0x00007ff8ea760000 - 0x00007ff8ea9a1000 	C:\WINDOWS\SYSTEM32\DBGHELP.DLL
0x00007ff8eca00000 - 0x00007ff8ecd84000 	C:\WINDOWS\System32\combase.dll
0x00007ff8ebc90000 - 0x00007ff8ebd70000 	C:\WINDOWS\System32\OLEAUT32.dll
0x00007ff8ea5e0000 - 0x00007ff8ea619000 	C:\WINDOWS\SYSTEM32\dbgcore.DLL
0x00007ff8eaeb0000 - 0x00007ff8eaf49000 	C:\WINDOWS\System32\bcryptPrimitives.dll
0x00007ff86f400000 - 0x00007ff86f40e000 	C:\Program Files\Android\Android Studio\jbr\bin\instrument.dll
0x00007ff8a7ea0000 - 0x00007ff8a7ec0000 	C:\Program Files\Android\Android Studio\jbr\bin\java.dll
0x00007ff8a7e80000 - 0x00007ff8a7e98000 	C:\Program Files\Android\Android Studio\jbr\bin\zip.dll
0x00007ff8ecf40000 - 0x00007ff8ed66d000 	C:\WINDOWS\System32\SHELL32.dll
0x00007ff8eb090000 - 0x00007ff8eb204000 	C:\WINDOWS\System32\wintypes.dll
0x00007ff8e8080000 - 0x00007ff8e88d6000 	C:\WINDOWS\SYSTEM32\windows.storage.dll
0x00007ff8ed770000 - 0x00007ff8ed85f000 	C:\WINDOWS\System32\SHCORE.dll
0x00007ff8ebe30000 - 0x00007ff8ebe99000 	C:\WINDOWS\System32\shlwapi.dll
0x00007ff8eadc0000 - 0x00007ff8eadef000 	C:\WINDOWS\SYSTEM32\profapi.dll
0x00007ff8a80e0000 - 0x00007ff8a80f0000 	C:\Program Files\Android\Android Studio\jbr\bin\net.dll
0x00007ff8e35a0000 - 0x00007ff8e36be000 	C:\WINDOWS\SYSTEM32\WINHTTP.dll
0x00007ff8e9920000 - 0x00007ff8e998a000 	C:\WINDOWS\system32\mswsock.dll
0x00007ff8a7e60000 - 0x00007ff8a7e76000 	C:\Program Files\Android\Android Studio\jbr\bin\nio.dll
0x00007ff8a7330000 - 0x00007ff8a7340000 	C:\Program Files\Android\Android Studio\jbr\bin\verify.dll
0x00007ff888dd0000 - 0x00007ff888df7000 	C:\Users\hp\.gradle\native\c067742578af261105cb4f569cf0c3c89f3d7b1fecec35dd04571415982c5e48\windows-amd64\native-platform.dll
0x00007ff86f2b0000 - 0x00007ff86f3f4000 	C:\Users\hp\.gradle\native\100fb08df4bc3b14c8652ba06237920a3bd2aa13389f12d3474272988ae205f9\windows-amd64\native-platform-file-events.dll
0x00007ff8a7420000 - 0x00007ff8a7429000 	C:\Program Files\Android\Android Studio\jbr\bin\management.dll
0x00007ff8a7410000 - 0x00007ff8a741b000 	C:\Program Files\Android\Android Studio\jbr\bin\management_ext.dll
0x00007ff8ebda0000 - 0x00007ff8ebda8000 	C:\WINDOWS\System32\PSAPI.DLL
0x00007ff8eaad0000 - 0x00007ff8eaaec000 	C:\WINDOWS\SYSTEM32\CRYPTSP.dll
0x00007ff8e96a0000 - 0x00007ff8e96da000 	C:\WINDOWS\system32\rsaenh.dll
0x00007ff8e9d40000 - 0x00007ff8e9d6b000 	C:\WINDOWS\SYSTEM32\USERENV.dll
0x00007ff8ead90000 - 0x00007ff8eadb6000 	C:\WINDOWS\SYSTEM32\bcrypt.dll
0x00007ff8e9ef0000 - 0x00007ff8e9efc000 	C:\WINDOWS\SYSTEM32\CRYPTBASE.dll
0x00007ff8e8ec0000 - 0x00007ff8e8ef3000 	C:\WINDOWS\SYSTEM32\IPHLPAPI.DLL
0x00007ff8ebf50000 - 0x00007ff8ebf5a000 	C:\WINDOWS\System32\NSI.dll
0x00007ff8a7920000 - 0x00007ff8a7929000 	C:\Program Files\Android\Android Studio\jbr\bin\extnet.dll
0x00007ff8ae020000 - 0x00007ff8ae028000 	C:\WINDOWS\system32\wshunix.dll

dbghelp: loaded successfully - version: 4.0.5 - missing functions: none
symbol engine: initialized successfully - sym options: 0x614 - pdb path: .;C:\Program Files\Android\Android Studio\jbr\bin;C:\WINDOWS\SYSTEM32;C:\WINDOWS\WinSxS\amd64_microsoft.windows.common-controls_6595b64144ccf1df_6.0.26100.3912_none_3e07963ce335137e;C:\Program Files\Android\Android Studio\jbr\bin\server;C:\Users\hp\.gradle\native\c067742578af261105cb4f569cf0c3c89f3d7b1fecec35dd04571415982c5e48\windows-amd64;C:\Users\hp\.gradle\native\100fb08df4bc3b14c8652ba06237920a3bd2aa13389f12d3474272988ae205f9\windows-amd64

VM Arguments:
jvm_args: --add-opens=java.base/java.lang=ALL-UNNAMED --add-opens=java.base/java.lang.invoke=ALL-UNNAMED --add-opens=java.base/java.util=ALL-UNNAMED --add-opens=java.prefs/java.util.prefs=ALL-UNNAMED --add-exports=jdk.compiler/com.sun.tools.javac.api=ALL-UNNAMED --add-exports=jdk.compiler/com.sun.tools.javac.util=ALL-UNNAMED --add-opens=java.base/java.util=ALL-UNNAMED --add-opens=java.prefs/java.util.prefs=ALL-UNNAMED --add-opens=java.base/java.nio.charset=ALL-UNNAMED --add-opens=java.base/java.net=ALL-UNNAMED --add-opens=java.base/java.util.concurrent.atomic=ALL-UNNAMED --add-opens=java.xml/javax.xml.namespace=ALL-UNNAMED -Xmx2048m -Dfile.encoding=UTF-8 -Duser.country=US -Duser.language=en -Duser.variant -javaagent:C:\Users\hp\.gradle\wrapper\dists\gradle-8.11.1-bin\bpt9gzteqjrbo1mjrsomdt32c\gradle-8.11.1\lib\agents\gradle-instrumentation-agent-8.11.1.jar 
java_command: org.gradle.launcher.daemon.bootstrap.GradleDaemon 8.11.1
java_class_path (initial): C:\Users\hp\.gradle\wrapper\dists\gradle-8.11.1-bin\bpt9gzteqjrbo1mjrsomdt32c\gradle-8.11.1\lib\gradle-daemon-main-8.11.1.jar
Launcher Type: SUN_STANDARD

[Global flags]
     intx CICompilerCount                          = 4                                         {product} {ergonomic}
     uint ConcGCThreads                            = 3                                         {product} {ergonomic}
     uint G1ConcRefinementThreads                  = 10                                        {product} {ergonomic}
   size_t G1HeapRegionSize                         = 1048576                                   {product} {ergonomic}
    uintx GCDrainStackTargetSize                   = 64                                        {product} {ergonomic}
   size_t InitialHeapSize                          = 532676608                                 {product} {ergonomic}
   size_t MarkStackSize                            = 4194304                                   {product} {ergonomic}
   size_t MaxHeapSize                              = 2147483648                                {product} {command line}
   size_t MaxNewSize                               = 1287651328                                {product} {ergonomic}
   size_t MinHeapDeltaBytes                        = 1048576                                   {product} {ergonomic}
   size_t MinHeapSize                              = 8388608                                   {product} {ergonomic}
    uintx NonNMethodCodeHeapSize                   = 5839372                                {pd product} {ergonomic}
    uintx NonProfiledCodeHeapSize                  = 122909434                              {pd product} {ergonomic}
    uintx ProfiledCodeHeapSize                     = 122909434                              {pd product} {ergonomic}
    uintx ReservedCodeCacheSize                    = 251658240                              {pd product} {ergonomic}
     bool SegmentedCodeCache                       = true                                      {product} {ergonomic}
   size_t SoftMaxHeapSize                          = 2147483648                             {manageable} {ergonomic}
     bool UseCompressedOops                        = true                           {product lp64_product} {ergonomic}
     bool UseG1GC                                  = true                                      {product} {ergonomic}
     bool UseLargePagesIndividualAllocation        = false                                  {pd product} {ergonomic}

Logging:
Log output configuration:
 #0: stdout all=warning uptime,level,tags foldmultilines=false
 #1: stderr all=off uptime,level,tags foldmultilines=false

Environment Variables:
PATH=C:\Program Files\Common Files\Oracle\Java\javapath;C:\Python313\Scripts\;C:\Python313\;C:\WINDOWS\system32;C:\WINDOWS;C:\WINDOWS\System32\Wbem;C:\WINDOWS\System32\WindowsPowerShell\v1.0\;C:\WINDOWS\System32\OpenSSH\;C:\Program Files (x86)\dotnet\;C:\Program Files\Git\cmd;C:\Program Files\Go\bin;C:\Program Files\Docker\Docker\resources\bin;C:\ProgramData\chocolatey\bin;C:\Users\hp\AppData\Local\Programs\Microsoft VS Code\bin;C:\Users\hp\AppData\Roaming\npm;C:\Program Files\nodejs\;C:\Dart\dart-sdk\bin;C:\Users\hp\AppData\Local\Programs\Microsoft VS Code\bin;C:\Users\hp\AppData\Roaming\npm;C:\Dart\dart-sdk\bin;C:\src\flutter\flutter\bin;;%USERPROFILE%\AppData\Local\Microsoft\WindowsApps
USERNAME=hp
OS=Windows_NT
PROCESSOR_IDENTIFIER=Intel64 Family 6 Model 186 Stepping 3, GenuineIntel
TMP=C:\Users\hp\AppData\Local\Temp
TEMP=C:\Users\hp\AppData\Local\Temp




Periodic native trim disabled

JNI global refs:
JNI global refs: 25, weak refs: 0

JNI global refs memory usage: 835, weak refs: 833

Process memory usage:
Resident Set Size: 265780K (0% of 33240568K total physical memory with 24226012K free physical memory)

OOME stack traces (most recent first):
Classloader memory used:
Loader bootstrap                                                                       : 21155K
Loader org.gradle.internal.classloader.VisitableURLClassLoader                         : 20763K
Loader org.gradle.initialization.MixInLegacyTypesClassLoader                           : 4268K
Loader jdk.internal.loader.ClassLoaders$PlatformClassLoader                            : 493K
Loader jdk.internal.loader.ClassLoaders$AppClassLoader                                 : 231K
Loader jdk.internal.reflect.DelegatingClassLoader                                      : 47304B

Classes loaded by more than one classloader:
Class org.gradle.internal.classloader.FilteringClassLoader                            : loaded 2 times (x 101B)
Class org.gradle.internal.classloader.ClassLoaderHierarchy                            : loaded 2 times (x 66B)
Class org.gradle.api.internal.classpath.ManifestUtil                                  : loaded 2 times (x 67B)
Class org.gradle.internal.classloader.DefaultClassLoaderFactory                       : loaded 2 times (x 78B)
Class org.gradle.internal.classloader.ClassLoaderVisitor                              : loaded 2 times (x 72B)
Class org.gradle.api.internal.classpath.EffectiveClassPath                            : loaded 2 times (x 86B)
Class org.gradle.api.internal.DefaultClassPathProvider                                : loaded 2 times (x 72B)
Class [Lorg.gradle.api.internal.ClassPathProvider;                                    : loaded 2 times (x 65B)
Class org.gradle.api.internal.ClassPathProvider                                       : loaded 2 times (x 66B)
Class org.gradle.internal.service.UnknownServiceException                             : loaded 2 times (x 79B)
Class org.gradle.internal.classpath.TransformedClassPath                              : loaded 2 times (x 92B)
Class org.gradle.internal.classloader.InstrumentingClassLoader                        : loaded 2 times (x 66B)
Class org.gradle.internal.service.ServiceLocator                                      : loaded 2 times (x 66B)
Class org.gradle.internal.InternalTransformer                                         : loaded 2 times (x 66B)
Class org.gradle.internal.classloader.ClasspathUtil$1                                 : loaded 2 times (x 72B)
Class org.gradle.api.internal.classpath.DefaultModuleRegistry$DefaultModule           : loaded 2 times (x 82B)
Class org.gradle.api.internal.classpath.Module                                        : loaded 2 times (x 66B)
Class org.gradle.api.internal.classpath.UnknownModuleException                        : loaded 2 times (x 78B)
Class org.gradle.api.internal.DefaultClassPathRegistry                                : loaded 2 times (x 72B)
Class org.gradle.api.internal.ClassPathRegistry                                       : loaded 2 times (x 66B)
Class org.gradle.internal.classpath.DefaultClassPath$ImmutableUniqueList              : loaded 2 times (x 195B)
Class org.gradle.internal.classpath.ClassPath                                         : loaded 2 times (x 66B)
Class org.gradle.api.UncheckedIOException                                             : loaded 2 times (x 78B)
Class org.gradle.internal.installation.GradleInstallation$1                           : loaded 2 times (x 71B)
Class org.gradle.api.internal.classpath.ModuleRegistry                                : loaded 2 times (x 66B)
Class org.gradle.api.internal.classpath.DefaultModuleRegistry                         : loaded 2 times (x 82B)
Class org.gradle.internal.service.ServiceLookupException                              : loaded 2 times (x 78B)
Class org.gradle.internal.classloader.ClassLoaderFactory                              : loaded 2 times (x 66B)
Class org.gradle.internal.service.CachingServiceLocator                               : loaded 2 times (x 78B)
Class org.gradle.internal.classloader.ClasspathUtil                                   : loaded 2 times (x 67B)
Class org.gradle.api.specs.Spec                                                       : loaded 2 times (x 66B)
Class org.gradle.internal.classloader.VisitableURLClassLoader$InstrumentingVisitableURLClassLoader: loaded 2 times (x 119B)
Class org.gradle.internal.classloader.VisitableURLClassLoader$Spec                    : loaded 2 times (x 70B)
Class org.gradle.internal.classpath.DefaultClassPath                                  : loaded 2 times (x 86B)
Class org.gradle.internal.classloader.ClassLoaderSpec                                 : loaded 2 times (x 67B)
Class org.gradle.internal.classloader.VisitableURLClassLoader                         : loaded 2 times (x 113B)
Class org.gradle.internal.Cast                                                        : loaded 2 times (x 67B)
Class org.gradle.api.Action                                                           : loaded 2 times (x 66B)
Class org.gradle.internal.classpath.DefaultClassPath$ImmutableUniqueList$Builder      : loaded 2 times (x 71B)
Class org.gradle.api.GradleException                                                  : loaded 2 times (x 78B)
Class org.gradle.internal.IoActions                                                   : loaded 2 times (x 67B)
Class org.gradle.internal.classloader.SystemClassLoaderSpec                           : loaded 2 times (x 67B)
Class org.gradle.api.internal.classpath.GlobalCacheRootsProvider                      : loaded 2 times (x 66B)
Class org.gradle.internal.installation.CurrentGradleInstallationLocator               : loaded 2 times (x 67B)
Class org.gradle.internal.service.DefaultServiceLocator                               : loaded 2 times (x 79B)
Class org.gradle.internal.installation.CurrentGradleInstallation                      : loaded 2 times (x 69B)
Class org.gradle.util.internal.GUtil                                                  : loaded 2 times (x 67B)
Class org.gradle.internal.installation.GradleInstallation                             : loaded 2 times (x 71B)

---------------  S Y S T E M  ---------------

OS:
 Windows 11 , 64 bit Build 26100 (10.0.26100.3912)
OS uptime: 0 days 0:01 hours
Hyper-V role detected

CPU: total 12 (initial active 12) (6 cores per cpu, 2 threads per core) family 6 model 186 stepping 3 microcode 0x4114, cx8, cmov, fxsr, ht, mmx, 3dnowpref, sse, sse2, sse3, ssse3, sse4.1, sse4.2, popcnt, lzcnt, tsc, tscinvbit, avx, avx2, aes, erms, clmul, bmi1, bmi2, adx, sha, fma, vzeroupper, clflush, clflushopt, clwb, hv, serialize, rdtscp, rdpid, fsrm, f16c, cet_ibt, cet_ss
Processor Information for processor 0
  Max Mhz: 1700, Current Mhz: 1700, Mhz Limit: 1700
Processor Information for processor 1
  Max Mhz: 1700, Current Mhz: 1700, Mhz Limit: 1700
Processor Information for processor 2
  Max Mhz: 1700, Current Mhz: 1700, Mhz Limit: 1700
Processor Information for processor 3
  Max Mhz: 1700, Current Mhz: 1700, Mhz Limit: 1700
Processor Information for processor 4
  Max Mhz: 1700, Current Mhz: 1200, Mhz Limit: 1190
Processor Information for processor 5
  Max Mhz: 1700, Current Mhz: 1200, Mhz Limit: 1190
Processor Information for processor 6
  Max Mhz: 1700, Current Mhz: 1200, Mhz Limit: 1190
Processor Information for processor 7
  Max Mhz: 1700, Current Mhz: 1200, Mhz Limit: 1190
Processor Information for processor 8
  Max Mhz: 1700, Current Mhz: 1200, Mhz Limit: 1190
Processor Information for processor 9
  Max Mhz: 1700, Current Mhz: 1200, Mhz Limit: 1190
Processor Information for processor 10
  Max Mhz: 1700, Current Mhz: 1200, Mhz Limit: 1190
Processor Information for processor 11
  Max Mhz: 1700, Current Mhz: 1200, Mhz Limit: 1190

Memory: 4k page, system-wide physical 32461M (23658M free)
TotalPageFile size 34509M (AvailPageFile size 26142M)
current process WorkingSet (physical memory assigned to process): 260M, peak: 262M
current process commit charge ("private bytes"): 297M, peak: 646M

vm_info: OpenJDK 64-Bit Server VM (21.0.5+-13047016-b750.29) for windows-amd64 JRE (21.0.5+-13047016-b750.29), built on 2025-02-11T21:12:39Z by "builder" with MS VC++ 16.10 / 16.11 (VS2019)

END.
